<?xml version="1.0" encoding="UTF-8"?>
<!-- Generated by org.testng.reporters.JUnitReportReporter -->
<testsuite hostname="ojt35-PC" name="driverfactory.Apptest" tests="1" failures="0" timestamp="16 Jul 2019 08:29:01 GMT" time="46.091" errors="0">
  <testcase name="kickStart" time="46.091" classname="driverfactory.Apptest"/>
</testsuite> <!-- driverfactory.Apptest -->
