<?xml version="1.0" encoding="UTF-8"?>
<!-- Generated by org.testng.reporters.JUnitReportReporter -->
<testsuite hostname="ojt35-PC" name="driverfactory.DriverScript" tests="1" failures="0" timestamp="18 Jul 2019 08:18:18 GMT" time="22.090" errors="0">
  <testcase name="starttest" time="22.090" classname="driverfactory.DriverScript"/>
</testsuite> <!-- driverfactory.DriverScript -->
