<?xml version="1.0" encoding="UTF-8"?>
<!-- Generated by org.testng.reporters.JUnitReportReporter -->
<testsuite hostname="ojt35-PC" name="driverfactory.Apptest" tests="1" failures="0" timestamp="23 Jul 2019 09:00:09 GMT" time="45.090" errors="0">
  <testcase name="kickStart" time="45.090" classname="driverfactory.Apptest"/>
</testsuite> <!-- driverfactory.Apptest -->
